<?xml version="1.0" encoding="UTF-8"?>
<!-- Generated by org.testng.reporters.JUnitXMLReporter -->
<testsuite ignored="0" hostname="DESKTOP-0FB5CGT" failures="0" tests="7" name="Default test" time="65.898" errors="0" timestamp="2020-04-03T16:12:03 IST">
  <testcase classname="demowebshop.LoginUi" name="OpenBrowser" time="27.716"/>
  <testcase classname="demowebshop.LoginUi" name="Login" time="6.044"/>
  <testcase classname="demowebshop.LoginUi" name="Slect" time="11.32"/>
  <testcase classname="demowebshop.LoginUi" name="books" time="8.005"/>
  <testcase classname="demowebshop.LoginUi" name="ShoppingCart" time="9.186"/>
  <testcase classname="demowebshop.LoginUi" name="Wishlist" time="1.258"/>
  <testcase classname="demowebshop.LoginUi" name="Logout" time="2.156"/>
</testsuite> <!-- Default test -->
