<?xml version="1.0" encoding="UTF-8"?>
<testng-results ignored="0" total="7" passed="7" failed="0" skipped="0">
  <reporter-output>
  </reporter-output>
  <suite started-at="2020-04-03T16:10:57 IST" name="Default suite" finished-at="2020-04-03T16:12:03 IST" duration-ms="65898">
    <groups>
    </groups>
    <test started-at="2020-04-03T16:10:57 IST" name="Default test" finished-at="2020-04-03T16:12:03 IST" duration-ms="65898">
      <class name="demowebshop.LoginUi">
        <test-method is-config="true" signature="initDriver()[pri:0, instance:demowebshop.LoginUi@61dd025]" started-at="2020-04-03T16:10:57 IST" name="initDriver" finished-at="2020-04-03T16:10:57 IST" duration-ms="30" status="PASS">
          <reporter-output>
          </reporter-output>
        </test-method> <!-- initDriver -->
        <test-method signature="OpenBrowser()[pri:0, instance:demowebshop.LoginUi@61dd025]" started-at="2020-04-03T16:10:57 IST" name="OpenBrowser" finished-at="2020-04-03T16:11:25 IST" duration-ms="27716" status="PASS">
          <reporter-output>
          </reporter-output>
        </test-method> <!-- OpenBrowser -->
        <test-method signature="Login()[pri:1, instance:demowebshop.LoginUi@61dd025]" started-at="2020-04-03T16:11:25 IST" name="Login" finished-at="2020-04-03T16:11:31 IST" duration-ms="6044" status="PASS">
          <reporter-output>
          </reporter-output>
        </test-method> <!-- Login -->
        <test-method signature="Slect()[pri:2, instance:demowebshop.LoginUi@61dd025]" started-at="2020-04-03T16:11:31 IST" name="Slect" finished-at="2020-04-03T16:11:42 IST" duration-ms="11320" status="PASS">
          <reporter-output>
          </reporter-output>
        </test-method> <!-- Slect -->
        <test-method signature="books()[pri:3, instance:demowebshop.LoginUi@61dd025]" started-at="2020-04-03T16:11:42 IST" name="books" finished-at="2020-04-03T16:11:50 IST" duration-ms="8005" status="PASS">
          <reporter-output>
          </reporter-output>
        </test-method> <!-- books -->
        <test-method signature="ShoppingCart()[pri:4, instance:demowebshop.LoginUi@61dd025]" started-at="2020-04-03T16:11:50 IST" name="ShoppingCart" finished-at="2020-04-03T16:11:59 IST" duration-ms="9186" status="PASS">
          <reporter-output>
          </reporter-output>
        </test-method> <!-- ShoppingCart -->
        <test-method signature="Wishlist()[pri:5, instance:demowebshop.LoginUi@61dd025]" started-at="2020-04-03T16:11:59 IST" name="Wishlist" finished-at="2020-04-03T16:12:01 IST" duration-ms="1258" status="PASS">
          <reporter-output>
          </reporter-output>
        </test-method> <!-- Wishlist -->
        <test-method signature="Logout()[pri:6, instance:demowebshop.LoginUi@61dd025]" started-at="2020-04-03T16:12:01 IST" name="Logout" finished-at="2020-04-03T16:12:03 IST" duration-ms="2156" status="PASS">
          <reporter-output>
          </reporter-output>
        </test-method> <!-- Logout -->
      </class> <!-- demowebshop.LoginUi -->
    </test> <!-- Default test -->
  </suite> <!-- Default suite -->
</testng-results>
